<?xml version="1.0" encoding="UTF-8"?>
<testng-results ignored="0" total="1" passed="1" failed="0" skipped="0">
  <reporter-output>
  </reporter-output>
  <suite started-at="2024-03-15T12:51:56 IST" name="Default suite" finished-at="2024-03-15T12:52:14 IST" duration-ms="18752">
    <groups>
    </groups>
    <test started-at="2024-03-15T12:51:56 IST" name="Default test" finished-at="2024-03-15T12:52:14 IST" duration-ms="18752">
      <class name="basic.OrganisationTest">
        <test-method signature="createOrgTest()[pri:0, instance:basic.OrganisationTest@c333c60]" started-at="2024-03-15T12:51:56 IST" name="createOrgTest" finished-at="2024-03-15T12:52:14 IST" duration-ms="18697" status="PASS">
          <reporter-output>
          </reporter-output>
        </test-method> <!-- createOrgTest -->
      </class> <!-- basic.OrganisationTest -->
    </test> <!-- Default test -->
  </suite> <!-- Default suite -->
</testng-results>
